[0m12:02:11.043309 [debug] [MainThread]: Sending event: {'category': 'dbt', 'action': 'invocation', 'label': 'start', 'context': [<snowplow_tracker.self_describing_json.SelfDescribingJson object at 0x110d26a10>, <snowplow_tracker.self_describing_json.SelfDescribingJson object at 0x110d241d0>, <snowplow_tracker.self_describing_json.SelfDescribingJson object at 0x110bfd2d0>]}


============================== 12:02:11.045862 | 212221da-6d8f-4633-a99e-173f94be1ba4 ==============================
[0m12:02:11.045862 [info ] [MainThread]: Running with dbt=1.11.11
[0m12:02:11.046159 [debug] [MainThread]: running dbt with arguments {'introspect': 'True', 'printer_width': '80', 'target_path': 'None', 'version_check': 'True', 'log_path': 'logs', 'empty': 'None', 'cache_selected_only': 'False', 'use_experimental_parser': 'False', 'send_anonymous_usage_stats': 'True', 'warn_error_options': 'WarnErrorOptionsV2(error=[], warn=[], silence=[])', 'profiles_dir': '/Users/milenamirumyan/.dbt', 'no_print': 'None', 'log_format': 'default', 'partial_parse': 'True', 'indirect_selection': 'eager', 'debug': 'False', 'invocation_command': 'dbt init analytics', 'quiet': 'False', 'static_parser': 'True', 'fail_fast': 'False', 'warn_error': 'None', 'use_colors': 'True', 'log_cache_events': 'False', 'write_json': 'True'}
[0m12:02:11.055581 [info ] [MainThread]: Creating dbt configuration folder at /Users/milenamirumyan/.dbt
[0m12:02:11.056606 [debug] [MainThread]: Starter project path: /Users/milenamirumyan/itc6050-w1-lab/.venv/lib/python3.11/site-packages/dbt/include/starter_project
[0m12:02:11.061883 [info ] [MainThread]: 
Your new dbt project "analytics" was created!

For more information on how to configure the profiles.yml file,
please consult the dbt documentation here:

  https://docs.getdbt.com/docs/configure-your-profile

One more thing:

Need help? Don't hesitate to reach out to us via GitHub issues or on Slack:

  https://community.getdbt.com/

Happy modeling!

[0m12:02:11.062088 [info ] [MainThread]: Setting up your profile.
[0m12:04:13.504724 [info ] [MainThread]: Profile analytics written to /Users/milenamirumyan/.dbt/profiles.yml using target's profile_template.yml and your supplied values. Run 'dbt debug' to validate the connection.
[0m12:04:13.576940 [debug] [MainThread]: Resource report: {"command_name": "init", "command_success": true, "command_wall_clock_time": 122.57697, "process_in_blocks": "0", "process_kernel_time": 0.267872, "process_mem_max_rss": "118423552", "process_out_blocks": "0", "process_user_time": 0.76357}
[0m12:04:13.578652 [debug] [MainThread]: Command `dbt init` succeeded at 12:04:13.578426 after 122.58 seconds
[0m12:04:13.581387 [debug] [MainThread]: Sending event: {'category': 'dbt', 'action': 'invocation', 'label': 'end', 'context': [<snowplow_tracker.self_describing_json.SelfDescribingJson object at 0x110ca9310>, <snowplow_tracker.self_describing_json.SelfDescribingJson object at 0x110d1e5d0>, <snowplow_tracker.self_describing_json.SelfDescribingJson object at 0x110853110>]}
[0m12:04:13.582824 [debug] [MainThread]: Flushing usage events
[0m12:04:19.574383 [debug] [MainThread]: An error was encountered while trying to flush usage events
